[0.005s] Invoking command in '/home/hanlin/Desktop/horizon_ws/build/img_show': CMAKE_PREFIX_PATH=${CMAKE_PREFIX_PATH}:/opt/ros/humble CONDA_PROMPT_MODIFIER=(base) /usr/bin/cmake /home/hanlin/Desktop/horizon_ws/src/img_show -DCMAKE_INSTALL_PREFIX=/home/hanlin/Desktop/horizon_ws/install/img_show
[0.043s] -- The C compiler identification is GNU 11.4.0
[0.085s] -- The CXX compiler identification is GNU 11.4.0
[0.089s] -- Detecting C compiler ABI info
[0.152s] -- Detecting C compiler ABI info - done
[0.156s] -- Check for working C compiler: /usr/bin/cc - skipped
[0.156s] -- Detecting C compile features
[0.156s] -- Detecting C compile features - done
[0.157s] -- Detecting CXX compiler ABI info
[0.258s] -- Detecting CXX compiler ABI info - done
[0.261s] -- Check for working CXX compiler: /usr/bin/c++ - skipped
[0.262s] -- Detecting CXX compile features
[0.262s] -- Detecting CXX compile features - done
[0.263s] -- Found ament_cmake: 1.3.10 (/opt/ros/humble/share/ament_cmake/cmake)
[0.444s] -- Found Python3: /home/hanlin/anaconda3/bin/python3 (found version "3.11.4") found components: Interpreter 
[0.485s] -- Found rclcpp: 16.0.10 (/opt/ros/humble/share/rclcpp/cmake)
[0.501s] -- Found rosidl_generator_c: 3.1.5 (/opt/ros/humble/share/rosidl_generator_c/cmake)
[0.503s] -- Found rosidl_adapter: 3.1.5 (/opt/ros/humble/share/rosidl_adapter/cmake)
[0.507s] -- Found rosidl_generator_cpp: 3.1.5 (/opt/ros/humble/share/rosidl_generator_cpp/cmake)
[0.512s] -- Using all available rosidl_typesupport_c: rosidl_typesupport_fastrtps_c;rosidl_typesupport_introspection_c
[0.518s] -- Using all available rosidl_typesupport_cpp: rosidl_typesupport_fastrtps_cpp;rosidl_typesupport_introspection_cpp
[0.536s] -- Found rmw_implementation_cmake: 6.1.2 (/opt/ros/humble/share/rmw_implementation_cmake/cmake)
[0.537s] -- Found rmw_fastrtps_cpp: 6.2.7 (/opt/ros/humble/share/rmw_fastrtps_cpp/cmake)
[0.590s] -- Found OpenSSL: /usr/lib/x86_64-linux-gnu/libcrypto.so (found version "3.0.2")  
[0.610s] -- Found FastRTPS: /opt/ros/humble/include  
[0.630s] -- Using RMW implementation 'rmw_fastrtps_cpp' as default
[0.634s] -- Looking for pthread.h
[0.716s] -- Looking for pthread.h - found
[0.716s] -- Performing Test CMAKE_HAVE_LIBC_PTHREAD
[0.778s] -- Performing Test CMAKE_HAVE_LIBC_PTHREAD - Success
[0.779s] -- Found Threads: TRUE  
[0.802s] -- Found sensor_msgs: 4.2.4 (/opt/ros/humble/share/sensor_msgs/cmake)
[0.816s] -- Found image_transport: 3.1.9 (/opt/ros/humble/share/image_transport/cmake)
[0.831s] -- Found cv_bridge: 3.2.1 (/opt/ros/humble/share/cv_bridge/cmake)
[0.838s] -- Found ament_lint_auto: 0.12.11 (/opt/ros/humble/share/ament_lint_auto/cmake)
[0.890s] -- Added test 'cppcheck' to perform static code analysis on C / C++ code
[0.890s] -- Configured cppcheck include dirs: 
[0.890s] -- Configured cppcheck exclude dirs and/or files: 
[0.890s] -- Added test 'flake8' to check Python code syntax and style conventions
[0.890s] -- Added test 'lint_cmake' to check CMake code style
[0.890s] -- Added test 'pep257' to check Python code against some of the docstring style conventions in PEP 257
[0.891s] -- Added test 'uncrustify' to check C / C++ code style
[0.891s] -- Configured uncrustify additional arguments: 
[0.891s] -- Added test 'xmllint' to check XML markup files
[0.892s] -- Configuring done
[0.901s] -- Generating done
[0.905s] -- Build files have been written to: /home/hanlin/Desktop/horizon_ws/build/img_show
[0.911s] Invoked command in '/home/hanlin/Desktop/horizon_ws/build/img_show' returned '0': CMAKE_PREFIX_PATH=${CMAKE_PREFIX_PATH}:/opt/ros/humble CONDA_PROMPT_MODIFIER=(base) /usr/bin/cmake /home/hanlin/Desktop/horizon_ws/src/img_show -DCMAKE_INSTALL_PREFIX=/home/hanlin/Desktop/horizon_ws/install/img_show
[0.912s] Invoking command in '/home/hanlin/Desktop/horizon_ws/build/img_show': CMAKE_PREFIX_PATH=${CMAKE_PREFIX_PATH}:/opt/ros/humble CONDA_PROMPT_MODIFIER=(base) /usr/bin/cmake --build /home/hanlin/Desktop/horizon_ws/build/img_show -- -j32 -l32
[0.943s] [ 12%] [32mBuilding CXX object CMakeFiles/camera_receive.dir/src/camera_receive.cpp.o[0m
[0.945s] [ 25%] [32mBuilding CXX object CMakeFiles/camera_catch.dir/src/camera_catch.cpp.o[0m
[0.945s] [ 37%] [32mBuilding CXX object CMakeFiles/img_subscribers.dir/src/img_subscribers.cpp.o[0m
[0.946s] [ 50%] [32mBuilding CXX object CMakeFiles/get_camera_set.dir/src/get_camera_set.cpp.o[0m
[2.354s] [ 62%] [32m[1mLinking CXX executable camera_receive[0m
[2.377s] [ 75%] [32m[1mLinking CXX executable img_subscribers[0m
[2.426s] [ 75%] Built target camera_receive
[2.451s] [ 75%] Built target img_subscribers
[3.007s] [ 87%] [32m[1mLinking CXX executable camera_catch[0m
[3.034s] [100%] [32m[1mLinking CXX executable get_camera_set[0m
[3.073s] [100%] Built target camera_catch
[3.105s] [100%] Built target get_camera_set
[3.119s] Invoked command in '/home/hanlin/Desktop/horizon_ws/build/img_show' returned '0': CMAKE_PREFIX_PATH=${CMAKE_PREFIX_PATH}:/opt/ros/humble CONDA_PROMPT_MODIFIER=(base) /usr/bin/cmake --build /home/hanlin/Desktop/horizon_ws/build/img_show -- -j32 -l32
[3.132s] Invoking command in '/home/hanlin/Desktop/horizon_ws/build/img_show': CMAKE_PREFIX_PATH=${CMAKE_PREFIX_PATH}:/opt/ros/humble CONDA_PROMPT_MODIFIER=(base) /usr/bin/cmake --install /home/hanlin/Desktop/horizon_ws/build/img_show
[3.138s] -- Install configuration: ""
[3.138s] -- Installing: /home/hanlin/Desktop/horizon_ws/install/img_show/lib/img_show/camera_catch
[3.138s] -- Set runtime path of "/home/hanlin/Desktop/horizon_ws/install/img_show/lib/img_show/camera_catch" to ""
[3.138s] -- Installing: /home/hanlin/Desktop/horizon_ws/install/img_show/lib/img_show/camera_receive
[3.138s] -- Set runtime path of "/home/hanlin/Desktop/horizon_ws/install/img_show/lib/img_show/camera_receive" to ""
[3.139s] -- Installing: /home/hanlin/Desktop/horizon_ws/install/img_show/lib/img_show/get_camera_set
[3.139s] -- Set runtime path of "/home/hanlin/Desktop/horizon_ws/install/img_show/lib/img_show/get_camera_set" to ""
[3.139s] -- Installing: /home/hanlin/Desktop/horizon_ws/install/img_show/lib/img_show/img_subscribers
[3.139s] -- Set runtime path of "/home/hanlin/Desktop/horizon_ws/install/img_show/lib/img_show/img_subscribers" to ""
[3.139s] -- Installing: /home/hanlin/Desktop/horizon_ws/install/img_show/share/ament_index/resource_index/package_run_dependencies/img_show
[3.139s] -- Installing: /home/hanlin/Desktop/horizon_ws/install/img_show/share/ament_index/resource_index/parent_prefix_path/img_show
[3.139s] -- Installing: /home/hanlin/Desktop/horizon_ws/install/img_show/share/img_show/environment/ament_prefix_path.sh
[3.140s] -- Installing: /home/hanlin/Desktop/horizon_ws/install/img_show/share/img_show/environment/ament_prefix_path.dsv
[3.140s] -- Installing: /home/hanlin/Desktop/horizon_ws/install/img_show/share/img_show/environment/path.sh
[3.140s] -- Installing: /home/hanlin/Desktop/horizon_ws/install/img_show/share/img_show/environment/path.dsv
[3.140s] -- Installing: /home/hanlin/Desktop/horizon_ws/install/img_show/share/img_show/local_setup.bash
[3.140s] -- Installing: /home/hanlin/Desktop/horizon_ws/install/img_show/share/img_show/local_setup.sh
[3.140s] -- Installing: /home/hanlin/Desktop/horizon_ws/install/img_show/share/img_show/local_setup.zsh
[3.140s] -- Installing: /home/hanlin/Desktop/horizon_ws/install/img_show/share/img_show/local_setup.dsv
[3.140s] -- Installing: /home/hanlin/Desktop/horizon_ws/install/img_show/share/img_show/package.dsv
[3.140s] -- Installing: /home/hanlin/Desktop/horizon_ws/install/img_show/share/ament_index/resource_index/packages/img_show
[3.140s] -- Installing: /home/hanlin/Desktop/horizon_ws/install/img_show/share/img_show/cmake/img_showConfig.cmake
[3.140s] -- Installing: /home/hanlin/Desktop/horizon_ws/install/img_show/share/img_show/cmake/img_showConfig-version.cmake
[3.140s] -- Installing: /home/hanlin/Desktop/horizon_ws/install/img_show/share/img_show/package.xml
[3.143s] Invoked command in '/home/hanlin/Desktop/horizon_ws/build/img_show' returned '0': CMAKE_PREFIX_PATH=${CMAKE_PREFIX_PATH}:/opt/ros/humble CONDA_PROMPT_MODIFIER=(base) /usr/bin/cmake --install /home/hanlin/Desktop/horizon_ws/build/img_show
